/mnt/shared-scratch/Rajendran_J/matthewdelorenzo/miniconda3/envs/rltf/lib/python3.10/site-packages/bitsandbytes/cextension.py:34: UserWarning: The installed version of bitsandbytes was compiled without GPU support. 8-bit optimizers, 8-bit multiplication, and GPU quantization are unavailable.
  warn("The installed version of bitsandbytes was compiled without GPU support. "
/mnt/shared-scratch/Rajendran_J/matthewdelorenzo/miniconda3/envs/rltf/lib/python3.10/site-packages/bitsandbytes/cextension.py:34: UserWarning: The installed version of bitsandbytes was compiled without GPU support. 8-bit optimizers, 8-bit multiplication, and GPU quantization are unavailable.
  warn("The installed version of bitsandbytes was compiled without GPU support. "
/mnt/shared-scratch/Rajendran_J/matthewdelorenzo/miniconda3/envs/rltf/lib/python3.10/site-packages/bitsandbytes/cextension.py:34: UserWarning: The installed version of bitsandbytes was compiled without GPU support. 8-bit optimizers, 8-bit multiplication, and GPU quantization are unavailable.
  warn("The installed version of bitsandbytes was compiled without GPU support. "
Traceback (most recent call last):
  File "/mnt/shared-scratch/Rajendran_J/matthewdelorenzo/github_mcts/MCTS/main_og.py", line 109, in <module>
    merged_tree = execute_episode(merged_tree,simulation_per_episode)
  File "/mnt/shared-scratch/Rajendran_J/matthewdelorenzo/github_mcts/MCTS/mcts_og.py", line 336, in execute_episode
    mctsTree.tree_search()
  File "/mnt/shared-scratch/Rajendran_J/matthewdelorenzo/github_mcts/MCTS/mcts_og.py", line 266, in tree_search
    leaf = self.root.select_leaf()
  File "/mnt/shared-scratch/Rajendran_J/matthewdelorenzo/github_mcts/MCTS/mcts_og.py", line 139, in select_leaf
    print("Leaf selection - action scores: ", current.child_action_score, " taking action: ", np.argmax(current.child_action_score), " corresponding to token: ", current.child_ids[np.argmax(current.child_action_score)])
  File "/mnt/shared-scratch/Rajendran_J/matthewdelorenzo/github_mcts/MCTS/mcts_og.py", line 130, in child_action_score
    return self.child_averagedMonteCarlo + self.child_U
  File "/mnt/shared-scratch/Rajendran_J/matthewdelorenzo/github_mcts/MCTS/mcts_og.py", line 125, in child_U
    return (c_PUCT * math.sqrt(1 + self.N) *
ValueError: operands could not be broadcast together with shapes (4,) (5,) 
/mnt/shared-scratch/Rajendran_J/matthewdelorenzo/miniconda3/envs/rltf/lib/python3.10/site-packages/bitsandbytes/cextension.py:34: UserWarning: The installed version of bitsandbytes was compiled without GPU support. 8-bit optimizers, 8-bit multiplication, and GPU quantization are unavailable.
  warn("The installed version of bitsandbytes was compiled without GPU support. "
/mnt/shared-scratch/Rajendran_J/matthewdelorenzo/miniconda3/envs/rltf/lib/python3.10/site-packages/bitsandbytes/cextension.py:34: UserWarning: The installed version of bitsandbytes was compiled without GPU support. 8-bit optimizers, 8-bit multiplication, and GPU quantization are unavailable.
  warn("The installed version of bitsandbytes was compiled without GPU support. "
/mnt/shared-scratch/Rajendran_J/matthewdelorenzo/miniconda3/envs/rltf/lib/python3.10/site-packages/bitsandbytes/cextension.py:34: UserWarning: The installed version of bitsandbytes was compiled without GPU support. 8-bit optimizers, 8-bit multiplication, and GPU quantization are unavailable.
  warn("The installed version of bitsandbytes was compiled without GPU support. "
/mnt/shared-scratch/Rajendran_J/matthewdelorenzo/miniconda3/envs/rltf/lib/python3.10/site-packages/bitsandbytes/cextension.py:34: UserWarning: The installed version of bitsandbytes was compiled without GPU support. 8-bit optimizers, 8-bit multiplication, and GPU quantization are unavailable.
  warn("The installed version of bitsandbytes was compiled without GPU support. "
/mnt/shared-scratch/Rajendran_J/matthewdelorenzo/miniconda3/envs/rltf/lib/python3.10/site-packages/bitsandbytes/cextension.py:34: UserWarning: The installed version of bitsandbytes was compiled without GPU support. 8-bit optimizers, 8-bit multiplication, and GPU quantization are unavailable.
  warn("The installed version of bitsandbytes was compiled without GPU support. "
/mnt/shared-scratch/Rajendran_J/matthewdelorenzo/miniconda3/envs/rltf/lib/python3.10/site-packages/bitsandbytes/cextension.py:34: UserWarning: The installed version of bitsandbytes was compiled without GPU support. 8-bit optimizers, 8-bit multiplication, and GPU quantization are unavailable.
  warn("The installed version of bitsandbytes was compiled without GPU support. "
/mnt/shared-scratch/Rajendran_J/matthewdelorenzo/miniconda3/envs/rltf/lib/python3.10/site-packages/bitsandbytes/cextension.py:34: UserWarning: The installed version of bitsandbytes was compiled without GPU support. 8-bit optimizers, 8-bit multiplication, and GPU quantization are unavailable.
  warn("The installed version of bitsandbytes was compiled without GPU support. "
/mnt/shared-scratch/Rajendran_J/matthewdelorenzo/miniconda3/envs/rltf/lib/python3.10/site-packages/bitsandbytes/cextension.py:34: UserWarning: The installed version of bitsandbytes was compiled without GPU support. 8-bit optimizers, 8-bit multiplication, and GPU quantization are unavailable.
  warn("The installed version of bitsandbytes was compiled without GPU support. "
/mnt/shared-scratch/Rajendran_J/matthewdelorenzo/miniconda3/envs/rltf/lib/python3.10/site-packages/bitsandbytes/cextension.py:34: UserWarning: The installed version of bitsandbytes was compiled without GPU support. 8-bit optimizers, 8-bit multiplication, and GPU quantization are unavailable.
  warn("The installed version of bitsandbytes was compiled without GPU support. "
/mnt/shared-scratch/Rajendran_J/matthewdelorenzo/miniconda3/envs/rltf/lib/python3.10/site-packages/bitsandbytes/cextension.py:34: UserWarning: The installed version of bitsandbytes was compiled without GPU support. 8-bit optimizers, 8-bit multiplication, and GPU quantization are unavailable.
  warn("The installed version of bitsandbytes was compiled without GPU support. "
/mnt/shared-scratch/Rajendran_J/matthewdelorenzo/miniconda3/envs/rltf/lib/python3.10/site-packages/bitsandbytes/cextension.py:34: UserWarning: The installed version of bitsandbytes was compiled without GPU support. 8-bit optimizers, 8-bit multiplication, and GPU quantization are unavailable.
  warn("The installed version of bitsandbytes was compiled without GPU support. "
/mnt/shared-scratch/Rajendran_J/matthewdelorenzo/miniconda3/envs/rltf/lib/python3.10/site-packages/bitsandbytes/cextension.py:34: UserWarning: The installed version of bitsandbytes was compiled without GPU support. 8-bit optimizers, 8-bit multiplication, and GPU quantization are unavailable.
  warn("The installed version of bitsandbytes was compiled without GPU support. "
/mnt/shared-scratch/Rajendran_J/matthewdelorenzo/miniconda3/envs/rltf/lib/python3.10/site-packages/bitsandbytes/cextension.py:34: UserWarning: The installed version of bitsandbytes was compiled without GPU support. 8-bit optimizers, 8-bit multiplication, and GPU quantization are unavailable.
  warn("The installed version of bitsandbytes was compiled without GPU support. "
/mnt/shared-scratch/Rajendran_J/matthewdelorenzo/miniconda3/envs/rltf/lib/python3.10/site-packages/bitsandbytes/cextension.py:34: UserWarning: The installed version of bitsandbytes was compiled without GPU support. 8-bit optimizers, 8-bit multiplication, and GPU quantization are unavailable.
  warn("The installed version of bitsandbytes was compiled without GPU support. "
/mnt/shared-scratch/Rajendran_J/matthewdelorenzo/miniconda3/envs/rltf/lib/python3.10/site-packages/bitsandbytes/cextension.py:34: UserWarning: The installed version of bitsandbytes was compiled without GPU support. 8-bit optimizers, 8-bit multiplication, and GPU quantization are unavailable.
  warn("The installed version of bitsandbytes was compiled without GPU support. "
/mnt/shared-scratch/Rajendran_J/matthewdelorenzo/miniconda3/envs/rltf/lib/python3.10/site-packages/bitsandbytes/cextension.py:34: UserWarning: The installed version of bitsandbytes was compiled without GPU support. 8-bit optimizers, 8-bit multiplication, and GPU quantization are unavailable.
  warn("The installed version of bitsandbytes was compiled without GPU support. "
