Loading checkpoint shards:   0%|          | 0/14 [00:00<?, ?it/s]Loading checkpoint shards:   7%|▋         | 1/14 [00:00<00:12,  1.06it/s]Loading checkpoint shards:  14%|█▍        | 2/14 [00:01<00:10,  1.13it/s]Loading checkpoint shards:  21%|██▏       | 3/14 [00:02<00:09,  1.16it/s]Loading checkpoint shards:  29%|██▊       | 4/14 [00:03<00:08,  1.19it/s]Loading checkpoint shards:  36%|███▌      | 5/14 [00:04<00:07,  1.21it/s]Loading checkpoint shards:  43%|████▎     | 6/14 [00:05<00:06,  1.23it/s]Loading checkpoint shards:  50%|█████     | 7/14 [00:05<00:05,  1.20it/s]Loading checkpoint shards:  57%|█████▋    | 8/14 [00:06<00:05,  1.18it/s]Loading checkpoint shards:  64%|██████▍   | 9/14 [00:07<00:04,  1.14it/s]Loading checkpoint shards:  71%|███████▏  | 10/14 [00:08<00:03,  1.14it/s]Loading checkpoint shards:  79%|███████▊  | 11/14 [00:09<00:02,  1.16it/s]Loading checkpoint shards:  86%|████████▌ | 12/14 [00:10<00:01,  1.17it/s]Loading checkpoint shards:  93%|█████████▎| 13/14 [00:11<00:00,  1.17it/s]Loading checkpoint shards: 100%|██████████| 14/14 [00:11<00:00,  1.46it/s]Loading checkpoint shards: 100%|██████████| 14/14 [00:11<00:00,  1.23it/s]
../aten/src/ATen/native/cuda/IndexKernel.cu:92: operator(): block: [256,0,0], thread: [0,0,0] Assertion `-sizes[i] <= index && index < sizes[i] && "index out of bounds"` failed.
../aten/src/ATen/native/cuda/IndexKernel.cu:92: operator(): block: [256,0,0], thread: [1,0,0] Assertion `-sizes[i] <= index && index < sizes[i] && "index out of bounds"` failed.
../aten/src/ATen/native/cuda/IndexKernel.cu:92: operator(): block: [256,0,0], thread: [2,0,0] Assertion `-sizes[i] <= index && index < sizes[i] && "index out of bounds"` failed.
../aten/src/ATen/native/cuda/IndexKernel.cu:92: operator(): block: [256,0,0], thread: [3,0,0] Assertion `-sizes[i] <= index && index < sizes[i] && "index out of bounds"` failed.
../aten/src/ATen/native/cuda/IndexKernel.cu:92: operator(): block: [256,0,0], thread: [4,0,0] Assertion `-sizes[i] <= index && index < sizes[i] && "index out of bounds"` failed.
../aten/src/ATen/native/cuda/IndexKernel.cu:92: operator(): block: [256,0,0], thread: [5,0,0] Assertion `-sizes[i] <= index && index < sizes[i] && "index out of bounds"` failed.
../aten/src/ATen/native/cuda/IndexKernel.cu:92: operator(): block: [256,0,0], thread: [6,0,0] Assertion `-sizes[i] <= index && index < sizes[i] && "index out of bounds"` failed.
../aten/src/ATen/native/cuda/IndexKernel.cu:92: operator(): block: [256,0,0], thread: [7,0,0] Assertion `-sizes[i] <= index && index < sizes[i] && "index out of bounds"` failed.
../aten/src/ATen/native/cuda/IndexKernel.cu:92: operator(): block: [256,0,0], thread: [8,0,0] Assertion `-sizes[i] <= index && index < sizes[i] && "index out of bounds"` failed.
../aten/src/ATen/native/cuda/IndexKernel.cu:92: operator(): block: [256,0,0], thread: [9,0,0] Assertion `-sizes[i] <= index && index < sizes[i] && "index out of bounds"` failed.
../aten/src/ATen/native/cuda/IndexKernel.cu:92: operator(): block: [256,0,0], thread: [10,0,0] Assertion `-sizes[i] <= index && index < sizes[i] && "index out of bounds"` failed.
../aten/src/ATen/native/cuda/IndexKernel.cu:92: operator(): block: [256,0,0], thread: [11,0,0] Assertion `-sizes[i] <= index && index < sizes[i] && "index out of bounds"` failed.
../aten/src/ATen/native/cuda/IndexKernel.cu:92: operator(): block: [256,0,0], thread: [12,0,0] Assertion `-sizes[i] <= index && index < sizes[i] && "index out of bounds"` failed.
../aten/src/ATen/native/cuda/IndexKernel.cu:92: operator(): block: [256,0,0], thread: [13,0,0] Assertion `-sizes[i] <= index && index < sizes[i] && "index out of bounds"` failed.
../aten/src/ATen/native/cuda/IndexKernel.cu:92: operator(): block: [256,0,0], thread: [14,0,0] Assertion `-sizes[i] <= index && index < sizes[i] && "index out of bounds"` failed.
../aten/src/ATen/native/cuda/IndexKernel.cu:92: operator(): block: [256,0,0], thread: [15,0,0] Assertion `-sizes[i] <= index && index < sizes[i] && "index out of bounds"` failed.
../aten/src/ATen/native/cuda/IndexKernel.cu:92: operator(): block: [256,0,0], thread: [16,0,0] Assertion `-sizes[i] <= index && index < sizes[i] && "index out of bounds"` failed.
../aten/src/ATen/native/cuda/IndexKernel.cu:92: operator(): block: [256,0,0], thread: [17,0,0] Assertion `-sizes[i] <= index && index < sizes[i] && "index out of bounds"` failed.
../aten/src/ATen/native/cuda/IndexKernel.cu:92: operator(): block: [256,0,0], thread: [18,0,0] Assertion `-sizes[i] <= index && index < sizes[i] && "index out of bounds"` failed.
../aten/src/ATen/native/cuda/IndexKernel.cu:92: operator(): block: [256,0,0], thread: [19,0,0] Assertion `-sizes[i] <= index && index < sizes[i] && "index out of bounds"` failed.
../aten/src/ATen/native/cuda/IndexKernel.cu:92: operator(): block: [256,0,0], thread: [20,0,0] Assertion `-sizes[i] <= index && index < sizes[i] && "index out of bounds"` failed.
../aten/src/ATen/native/cuda/IndexKernel.cu:92: operator(): block: [256,0,0], thread: [21,0,0] Assertion `-sizes[i] <= index && index < sizes[i] && "index out of bounds"` failed.
../aten/src/ATen/native/cuda/IndexKernel.cu:92: operator(): block: [256,0,0], thread: [22,0,0] Assertion `-sizes[i] <= index && index < sizes[i] && "index out of bounds"` failed.
../aten/src/ATen/native/cuda/IndexKernel.cu:92: operator(): block: [256,0,0], thread: [23,0,0] Assertion `-sizes[i] <= index && index < sizes[i] && "index out of bounds"` failed.
../aten/src/ATen/native/cuda/IndexKernel.cu:92: operator(): block: [256,0,0], thread: [24,0,0] Assertion `-sizes[i] <= index && index < sizes[i] && "index out of bounds"` failed.
../aten/src/ATen/native/cuda/IndexKernel.cu:92: operator(): block: [256,0,0], thread: [25,0,0] Assertion `-sizes[i] <= index && index < sizes[i] && "index out of bounds"` failed.
../aten/src/ATen/native/cuda/IndexKernel.cu:92: operator(): block: [256,0,0], thread: [26,0,0] Assertion `-sizes[i] <= index && index < sizes[i] && "index out of bounds"` failed.
../aten/src/ATen/native/cuda/IndexKernel.cu:92: operator(): block: [256,0,0], thread: [27,0,0] Assertion `-sizes[i] <= index && index < sizes[i] && "index out of bounds"` failed.
../aten/src/ATen/native/cuda/IndexKernel.cu:92: operator(): block: [256,0,0], thread: [28,0,0] Assertion `-sizes[i] <= index && index < sizes[i] && "index out of bounds"` failed.
../aten/src/ATen/native/cuda/IndexKernel.cu:92: operator(): block: [256,0,0], thread: [29,0,0] Assertion `-sizes[i] <= index && index < sizes[i] && "index out of bounds"` failed.
../aten/src/ATen/native/cuda/IndexKernel.cu:92: operator(): block: [256,0,0], thread: [30,0,0] Assertion `-sizes[i] <= index && index < sizes[i] && "index out of bounds"` failed.
../aten/src/ATen/native/cuda/IndexKernel.cu:92: operator(): block: [256,0,0], thread: [31,0,0] Assertion `-sizes[i] <= index && index < sizes[i] && "index out of bounds"` failed.
../aten/src/ATen/native/cuda/IndexKernel.cu:92: operator(): block: [256,0,0], thread: [32,0,0] Assertion `-sizes[i] <= index && index < sizes[i] && "index out of bounds"` failed.
../aten/src/ATen/native/cuda/IndexKernel.cu:92: operator(): block: [256,0,0], thread: [33,0,0] Assertion `-sizes[i] <= index && index < sizes[i] && "index out of bounds"` failed.
../aten/src/ATen/native/cuda/IndexKernel.cu:92: operator(): block: [256,0,0], thread: [34,0,0] Assertion `-sizes[i] <= index && index < sizes[i] && "index out of bounds"` failed.
../aten/src/ATen/native/cuda/IndexKernel.cu:92: operator(): block: [256,0,0], thread: [35,0,0] Assertion `-sizes[i] <= index && index < sizes[i] && "index out of bounds"` failed.
../aten/src/ATen/native/cuda/IndexKernel.cu:92: operator(): block: [256,0,0], thread: [36,0,0] Assertion `-sizes[i] <= index && index < sizes[i] && "index out of bounds"` failed.
../aten/src/ATen/native/cuda/IndexKernel.cu:92: operator(): block: [256,0,0], thread: [37,0,0] Assertion `-sizes[i] <= index && index < sizes[i] && "index out of bounds"` failed.
../aten/src/ATen/native/cuda/IndexKernel.cu:92: operator(): block: [256,0,0], thread: [38,0,0] Assertion `-sizes[i] <= index && index < sizes[i] && "index out of bounds"` failed.
../aten/src/ATen/native/cuda/IndexKernel.cu:92: operator(): block: [256,0,0], thread: [39,0,0] Assertion `-sizes[i] <= index && index < sizes[i] && "index out of bounds"` failed.
../aten/src/ATen/native/cuda/IndexKernel.cu:92: operator(): block: [256,0,0], thread: [40,0,0] Assertion `-sizes[i] <= index && index < sizes[i] && "index out of bounds"` failed.
../aten/src/ATen/native/cuda/IndexKernel.cu:92: operator(): block: [256,0,0], thread: [41,0,0] Assertion `-sizes[i] <= index && index < sizes[i] && "index out of bounds"` failed.
../aten/src/ATen/native/cuda/IndexKernel.cu:92: operator(): block: [256,0,0], thread: [42,0,0] Assertion `-sizes[i] <= index && index < sizes[i] && "index out of bounds"` failed.
../aten/src/ATen/native/cuda/IndexKernel.cu:92: operator(): block: [256,0,0], thread: [43,0,0] Assertion `-sizes[i] <= index && index < sizes[i] && "index out of bounds"` failed.
../aten/src/ATen/native/cuda/IndexKernel.cu:92: operator(): block: [256,0,0], thread: [44,0,0] Assertion `-sizes[i] <= index && index < sizes[i] && "index out of bounds"` failed.
../aten/src/ATen/native/cuda/IndexKernel.cu:92: operator(): block: [256,0,0], thread: [45,0,0] Assertion `-sizes[i] <= index && index < sizes[i] && "index out of bounds"` failed.
../aten/src/ATen/native/cuda/IndexKernel.cu:92: operator(): block: [256,0,0], thread: [46,0,0] Assertion `-sizes[i] <= index && index < sizes[i] && "index out of bounds"` failed.
../aten/src/ATen/native/cuda/IndexKernel.cu:92: operator(): block: [256,0,0], thread: [47,0,0] Assertion `-sizes[i] <= index && index < sizes[i] && "index out of bounds"` failed.
../aten/src/ATen/native/cuda/IndexKernel.cu:92: operator(): block: [256,0,0], thread: [48,0,0] Assertion `-sizes[i] <= index && index < sizes[i] && "index out of bounds"` failed.
../aten/src/ATen/native/cuda/IndexKernel.cu:92: operator(): block: [256,0,0], thread: [49,0,0] Assertion `-sizes[i] <= index && index < sizes[i] && "index out of bounds"` failed.
../aten/src/ATen/native/cuda/IndexKernel.cu:92: operator(): block: [256,0,0], thread: [50,0,0] Assertion `-sizes[i] <= index && index < sizes[i] && "index out of bounds"` failed.
../aten/src/ATen/native/cuda/IndexKernel.cu:92: operator(): block: [256,0,0], thread: [51,0,0] Assertion `-sizes[i] <= index && index < sizes[i] && "index out of bounds"` failed.
../aten/src/ATen/native/cuda/IndexKernel.cu:92: operator(): block: [256,0,0], thread: [52,0,0] Assertion `-sizes[i] <= index && index < sizes[i] && "index out of bounds"` failed.
../aten/src/ATen/native/cuda/IndexKernel.cu:92: operator(): block: [256,0,0], thread: [53,0,0] Assertion `-sizes[i] <= index && index < sizes[i] && "index out of bounds"` failed.
../aten/src/ATen/native/cuda/IndexKernel.cu:92: operator(): block: [256,0,0], thread: [54,0,0] Assertion `-sizes[i] <= index && index < sizes[i] && "index out of bounds"` failed.
../aten/src/ATen/native/cuda/IndexKernel.cu:92: operator(): block: [256,0,0], thread: [55,0,0] Assertion `-sizes[i] <= index && index < sizes[i] && "index out of bounds"` failed.
../aten/src/ATen/native/cuda/IndexKernel.cu:92: operator(): block: [256,0,0], thread: [56,0,0] Assertion `-sizes[i] <= index && index < sizes[i] && "index out of bounds"` failed.
../aten/src/ATen/native/cuda/IndexKernel.cu:92: operator(): block: [256,0,0], thread: [57,0,0] Assertion `-sizes[i] <= index && index < sizes[i] && "index out of bounds"` failed.
../aten/src/ATen/native/cuda/IndexKernel.cu:92: operator(): block: [256,0,0], thread: [58,0,0] Assertion `-sizes[i] <= index && index < sizes[i] && "index out of bounds"` failed.
../aten/src/ATen/native/cuda/IndexKernel.cu:92: operator(): block: [256,0,0], thread: [59,0,0] Assertion `-sizes[i] <= index && index < sizes[i] && "index out of bounds"` failed.
../aten/src/ATen/native/cuda/IndexKernel.cu:92: operator(): block: [256,0,0], thread: [60,0,0] Assertion `-sizes[i] <= index && index < sizes[i] && "index out of bounds"` failed.
../aten/src/ATen/native/cuda/IndexKernel.cu:92: operator(): block: [256,0,0], thread: [61,0,0] Assertion `-sizes[i] <= index && index < sizes[i] && "index out of bounds"` failed.
../aten/src/ATen/native/cuda/IndexKernel.cu:92: operator(): block: [256,0,0], thread: [62,0,0] Assertion `-sizes[i] <= index && index < sizes[i] && "index out of bounds"` failed.
../aten/src/ATen/native/cuda/IndexKernel.cu:92: operator(): block: [256,0,0], thread: [63,0,0] Assertion `-sizes[i] <= index && index < sizes[i] && "index out of bounds"` failed.
Traceback (most recent call last):
  File "/mnt/shared-scratch/Rajendran_J/matthewdelorenzo/github_mcts/MCTS/main_og.py", line 156, in <module>
    merged_tree = execute_episode(merged_tree,simulation_per_episode)
  File "/mnt/shared-scratch/Rajendran_J/matthewdelorenzo/github_mcts/MCTS/mcts_og.py", line 383, in execute_episode
    mctsTree.tree_search()
  File "/mnt/shared-scratch/Rajendran_J/matthewdelorenzo/github_mcts/MCTS/mcts_og.py", line 319, in tree_search
    rolloutReturn = self.TreeEnv.get_montecarlo_return(next_state,leaf.depth+1)
  File "/mnt/shared-scratch/Rajendran_J/matthewdelorenzo/github_mcts/MCTS/LLMQueryEnv_og.py", line 309, in get_montecarlo_return
    best_terminal_state = self.get_best_terminal_state(state,depth)
  File "/mnt/shared-scratch/Rajendran_J/matthewdelorenzo/github_mcts/MCTS/LLMQueryEnv_og.py", line 276, in get_best_terminal_state
    output = self.model(input_ids=torchState)
  File "/mnt/shared-scratch/Rajendran_J/matthewdelorenzo/miniconda3/envs/rltf/lib/python3.10/site-packages/torch/nn/modules/module.py", line 1511, in _wrapped_call_impl
    return self._call_impl(*args, **kwargs)
  File "/mnt/shared-scratch/Rajendran_J/matthewdelorenzo/miniconda3/envs/rltf/lib/python3.10/site-packages/torch/nn/modules/module.py", line 1520, in _call_impl
    return forward_call(*args, **kwargs)
  File "/mnt/shared-scratch/Rajendran_J/matthewdelorenzo/miniconda3/envs/rltf/lib/python3.10/site-packages/transformers/models/codegen/modeling_codegen.py", line 675, in forward
    transformer_outputs = self.transformer(
  File "/mnt/shared-scratch/Rajendran_J/matthewdelorenzo/miniconda3/envs/rltf/lib/python3.10/site-packages/torch/nn/modules/module.py", line 1511, in _wrapped_call_impl
    return self._call_impl(*args, **kwargs)
  File "/mnt/shared-scratch/Rajendran_J/matthewdelorenzo/miniconda3/envs/rltf/lib/python3.10/site-packages/torch/nn/modules/module.py", line 1520, in _call_impl
    return forward_call(*args, **kwargs)
  File "/mnt/shared-scratch/Rajendran_J/matthewdelorenzo/miniconda3/envs/rltf/lib/python3.10/site-packages/transformers/models/codegen/modeling_codegen.py", line 552, in forward
    outputs = block(
  File "/mnt/shared-scratch/Rajendran_J/matthewdelorenzo/miniconda3/envs/rltf/lib/python3.10/site-packages/torch/nn/modules/module.py", line 1511, in _wrapped_call_impl
    return self._call_impl(*args, **kwargs)
  File "/mnt/shared-scratch/Rajendran_J/matthewdelorenzo/miniconda3/envs/rltf/lib/python3.10/site-packages/torch/nn/modules/module.py", line 1520, in _call_impl
    return forward_call(*args, **kwargs)
  File "/mnt/shared-scratch/Rajendran_J/matthewdelorenzo/miniconda3/envs/rltf/lib/python3.10/site-packages/transformers/models/codegen/modeling_codegen.py", line 288, in forward
    attn_outputs = self.attn(
  File "/mnt/shared-scratch/Rajendran_J/matthewdelorenzo/miniconda3/envs/rltf/lib/python3.10/site-packages/torch/nn/modules/module.py", line 1511, in _wrapped_call_impl
    return self._call_impl(*args, **kwargs)
  File "/mnt/shared-scratch/Rajendran_J/matthewdelorenzo/miniconda3/envs/rltf/lib/python3.10/site-packages/torch/nn/modules/module.py", line 1520, in _call_impl
    return forward_call(*args, **kwargs)
  File "/mnt/shared-scratch/Rajendran_J/matthewdelorenzo/miniconda3/envs/rltf/lib/python3.10/site-packages/transformers/models/codegen/modeling_codegen.py", line 234, in forward
    attn_output, attn_weights = self._attn(query, key, value, attention_mask, head_mask)
  File "/mnt/shared-scratch/Rajendran_J/matthewdelorenzo/miniconda3/envs/rltf/lib/python3.10/site-packages/transformers/models/codegen/modeling_codegen.py", line 148, in _attn
    mask_value = torch.tensor(mask_value, dtype=attn_weights.dtype).to(attn_weights.device)
RuntimeError: CUDA error: device-side assert triggered
CUDA kernel errors might be asynchronously reported at some other API call, so the stacktrace below might be incorrect.
For debugging consider passing CUDA_LAUNCH_BLOCKING=1.
Compile with `TORCH_USE_CUDA_DSA` to enable device-side assertions.

